<component name="libraryTable">
  <library name="JUnitParams-1.0.6">
    <CLASSES />
    <JAVADOC />
    <SOURCES />
  </library>
</component>